\BOOKMARK [0][-]{chapter*.2}{\376\377\230\171\166\356\151\202\217\360}{}% 1
\BOOKMARK [1][-]{section.0.1}{\376\377\230\171\166\356\200\314\146\157}{chapter*.2}% 2
\BOOKMARK [1][-]{section.0.2}{\376\377\134\017\176\304\142\020\124\130\122\006\135\345}{chapter*.2}% 3
\BOOKMARK [1][-]{section.0.3}{\376\377\142\200\147\057\150\010}{chapter*.2}% 4
\BOOKMARK [1][-]{section.0.4}{\376\377\000G\000i\000t\000H\000u\000b\116\323\136\223}{chapter*.2}% 5
\BOOKMARK [0][-]{chapter*.3}{\376\377\226\066\153\265\116\000\377\032\137\256\147\015\122\241\174\373\176\337\220\350\177\162\116\016\213\272\145\207\226\005\213\373}{}% 6
\BOOKMARK [1][-]{section.0.5}{\376\377\226\306\177\244\163\257\130\203\144\055\136\372}{chapter*.3}% 7
\BOOKMARK [1][-]{section.0.6}{\376\377\000S\000o\000c\000k\000S\000h\000o\000p\137\256\147\015\122\241\174\373\176\337\220\350\177\162}{chapter*.3}% 8
\BOOKMARK [2][-]{subsection.0.6.1}{\376\377\220\350\177\162\217\307\172\013}{section.0.6}% 9
\BOOKMARK [2][-]{subsection.0.6.2}{\376\377\220\350\177\162\232\214\213\301}{section.0.6}% 10
\BOOKMARK [1][-]{section.0.7}{\376\377\213\272\145\207\220\011\142\351\116\016\226\005\213\373}{chapter*.3}% 11
\BOOKMARK [2][-]{subsection.0.7.1}{\376\377\213\272\145\207\145\271\124\021}{section.0.7}% 12
\BOOKMARK [2][-]{subsection.0.7.2}{\376\377\213\272\145\207\226\005\213\373\221\315\160\271}{section.0.7}% 13
\BOOKMARK [0][-]{chapter*.4}{\376\377\226\066\153\265\116\214\377\032\000P\000r\000o\000m\000e\000t\000h\000e\000u\000s\000\040\000\046\000\040\000G\000r\000a\000f\000a\000n\000a\000\040\145\160\143\156\221\307\226\306\116\016\176\364\142\244}{}% 14
\BOOKMARK [1][-]{section.0.8}{\376\377\166\321\143\247\174\373\176\337\220\350\177\162}{chapter*.4}% 15
\BOOKMARK [2][-]{subsection.0.8.1}{\376\377\000P\000r\000o\000m\000e\000t\000h\000e\000u\000s\133\211\210\305\116\016\221\115\177\156}{section.0.8}% 16
\BOOKMARK [2][-]{subsection.0.8.2}{\376\377\000G\000r\000a\000f\000a\000n\000a\221\115\177\156}{section.0.8}% 17
\BOOKMARK [1][-]{section.0.9}{\376\377\000P\000r\000o\000m\000e\000t\000h\000e\000u\000s\143\007\150\007\221\307\226\306\221\115\177\156}{chapter*.4}% 18
\BOOKMARK [1][-]{section.0.10}{\376\377\000C\000h\000a\000o\000s\000M\000e\000s\000h\220\350\177\162\116\016\145\105\226\234\154\350\121\145}{chapter*.4}% 19
\BOOKMARK [2][-]{subsection.0.10.1}{\376\377\000C\000h\000a\000o\000s\000M\000e\000s\000h\220\350\177\162}{section.0.10}% 20
\BOOKMARK [2][-]{subsection.0.10.2}{\376\377\145\105\226\234\154\350\121\145\133\236\232\214\213\276\213\241}{section.0.10}% 21
\BOOKMARK [1][-]{section.0.11}{\376\377\166\321\143\247\145\160\143\156\221\307\226\306\116\016\232\214\213\301}{chapter*.4}% 22
\BOOKMARK [2][-]{subsection.0.11.1}{\376\377\145\105\226\234\154\350\121\145\145\110\147\234\232\214\213\301}{section.0.11}% 23
\BOOKMARK [2][-]{subsection.0.11.2}{\376\377\145\105\226\234\145\160\143\156\133\374\121\372}{section.0.11}% 24
\BOOKMARK [0][-]{chapter*.5}{\376\377\226\066\153\265\116\011\377\032\000S\000e\000l\000e\000n\000i\000u\000m\000\040\000\046\000\040\000J\000M\000e\000t\000e\000r\000\040\155\113\213\325}{}% 25
\BOOKMARK [1][-]{section.0.12}{\376\377\000S\000e\000l\000e\000n\000i\000u\000m\122\237\200\375\155\113\213\325}{chapter*.5}% 26
\BOOKMARK [2][-]{subsection.0.12.1}{\376\377\155\113\213\325\166\356\150\007}{section.0.12}% 27
\BOOKMARK [2][-]{subsection.0.12.2}{\376\377\000S\000e\000l\000e\000n\000i\000u\000m\000\040\000I\000D\000E\000\040\122\237\200\375\155\113\213\325}{section.0.12}% 28
\BOOKMARK [2][-]{subsection.0.12.3}{\376\377\000C\000h\000r\000o\000m\000e\000\040\155\117\211\310\126\150\155\113\213\325}{section.0.12}% 29
\BOOKMARK [2][-]{subsection.0.12.4}{\376\377\230\165\227\142\140\047\200\375\143\007\150\007\155\113\213\325}{section.0.12}% 30
\BOOKMARK [2][-]{subsection.0.12.5}{\376\377\140\047\200\375\143\007\150\007\122\006\147\220}{section.0.12}% 31
\BOOKMARK [1][-]{section.0.13}{\376\377\000J\000M\000e\000t\000e\000r\140\047\200\375\155\113\213\325}{chapter*.5}% 32
\BOOKMARK [2][-]{subsection.0.13.1}{\376\377\155\113\213\325\127\072\146\157\213\276\213\241}{section.0.13}% 33
\BOOKMARK [2][-]{subsection.0.13.2}{\376\377\155\113\213\325\176\323\147\234\126\376}{section.0.13}% 34
\BOOKMARK [2][-]{subsection.0.13.3}{\376\377\155\113\213\325\176\323\147\234\122\006\147\220}{section.0.13}% 35
\BOOKMARK [0][-]{chapter*.8}{\376\377\226\066\153\265\126\333\377\032\000M\000A\000R\000I\000N\000A\173\227\154\325\131\015\163\260\116\016\232\214\213\301}{}% 36
\BOOKMARK [1][-]{section.0.14}{\376\377\170\024\172\166\151\202\217\360}{chapter*.8}% 37
\BOOKMARK [2][-]{subsection.0.14.1}{\376\377\170\024\172\166\200\314\146\157\116\016\173\227\154\325\173\200\116\313}{section.0.14}% 38
\BOOKMARK [2][-]{subsection.0.14.2}{\376\377\133\236\232\214\166\356\150\007}{section.0.14}% 39
\BOOKMARK [2][-]{subsection.0.14.3}{\376\377\133\236\232\214\163\257\130\203}{section.0.14}% 40
\BOOKMARK [1][-]{section.0.15}{\376\377\145\160\143\156\230\204\131\004\164\006\116\016\152\041\127\213\176\323\147\204\133\236\163\260}{chapter*.8}% 41
\BOOKMARK [2][-]{subsection.0.15.1}{\376\377\145\160\143\156\230\204\131\004\164\006\152\041\127\127}{section.0.15}% 42
\BOOKMARK [2][-]{subsection.0.15.2}{\376\377\000M\000A\000R\000I\000N\000A\152\041\127\213\133\214\145\164\176\323\147\204}{section.0.15}% 43
\BOOKMARK [1][-]{section.0.16}{\376\377\155\210\207\215\133\236\232\214\377\032\150\070\137\303\152\041\127\127\147\011\145\110\140\047\232\214\213\301}{chapter*.8}% 44
\BOOKMARK [1][-]{section.0.17}{\376\377\131\032\153\145\230\204\155\113\140\047\200\375\133\236\232\214}{chapter*.8}% 45
\BOOKMARK [1][-]{section.0.18}{\376\377\127\372\176\277\152\041\127\213\133\371\153\324\133\236\232\214}{chapter*.8}% 46
\BOOKMARK [1][-]{section.0.19}{\376\377\127\372\116\216\145\105\226\234\154\350\121\145\145\160\143\156\226\306\166\204\137\002\136\070\150\300\155\113\116\016\150\071\126\340\213\312\145\255\232\214\213\301}{chapter*.8}% 47
\BOOKMARK [2][-]{subsection.0.19.1}{\376\377\201\352\133\232\116\111\145\105\226\234\145\160\143\156\226\306\213\364\146\016}{section.0.19}% 48
\BOOKMARK [2][-]{subsection.0.19.2}{\376\377\133\236\232\214\155\101\172\013}{section.0.19}% 49
\BOOKMARK [2][-]{subsection.0.19.3}{\376\377\137\002\136\070\150\300\155\113\176\323\147\234}{section.0.19}% 50
\BOOKMARK [2][-]{subsection.0.19.4}{\376\377\150\071\126\340\213\312\145\255\121\163\200\124\136\246\122\006\147\220}{section.0.19}% 51
\BOOKMARK [1][-]{section.0.20}{\376\377\145\164\117\123\133\236\232\214\176\323\213\272}{chapter*.8}% 52
\BOOKMARK [0][-]{chapter*.9}{\376\377\226\066\153\265\116\224\377\032\000S\000L\000I\000M\116\016\000B\000A\000R\000O\213\272\145\207\131\015\163\260\060\001\133\371\153\324\116\016\213\304\117\060}{}% 53
\BOOKMARK [1][-]{section.0.21}{\376\377\131\015\163\260\116\373\122\241\151\202\217\360}{chapter*.9}% 54
\BOOKMARK [1][-]{section.0.22}{\376\377\000S\000L\000I\000M\213\272\145\207\131\015\163\260\377\032\123\357\211\343\221\312\211\304\122\031\133\146\116\140}{chapter*.9}% 55
\BOOKMARK [2][-]{subsection.0.22.1}{\376\377\173\227\154\325\166\356\150\007\116\016\217\223\121\145\217\223\121\372}{section.0.22}% 56
\BOOKMARK [2][-]{subsection.0.22.2}{\376\377\145\160\143\156\147\204\220\040\116\016\150\007\154\350\145\271\154\325}{section.0.22}% 57
\BOOKMARK [2][-]{subsection.0.22.3}{\376\377\214\023\213\315\147\204\220\040\116\016\211\304\122\031\133\146\116\140\133\236\163\260}{section.0.22}% 58
\BOOKMARK [2][-]{subsection.0.22.4}{\376\377\000S\000L\000I\000M\131\015\163\260\176\323\147\234\116\016\211\343\221\312}{section.0.22}% 59
\BOOKMARK [1][-]{section.0.23}{\376\377\000B\000A\000R\000O\213\272\145\207\131\015\163\260\377\032\145\340\166\321\167\143\150\071\126\340\133\232\117\115}{chapter*.9}% 60
\BOOKMARK [2][-]{subsection.0.23.1}{\376\377\173\227\154\325\166\356\150\007\116\016\217\223\121\145\217\223\121\372}{section.0.23}% 61
\BOOKMARK [2][-]{subsection.0.23.2}{\376\377\173\227\154\325\155\101\172\013\133\236\163\260}{section.0.23}% 62
\BOOKMARK [2][-]{subsection.0.23.3}{\376\377\000B\000A\000R\000O\131\015\163\260\176\323\147\234\116\016\211\343\221\312}{section.0.23}% 63
\BOOKMARK [2][-]{subsection.0.23.4}{\376\377\000B\000A\000R\000O\176\323\147\234\123\357\117\341\136\246\116\016\133\236\232\214\217\271\165\114\122\006\147\220}{section.0.23}% 64
\BOOKMARK [1][-]{section.0.24}{\376\377\116\044\173\307\213\272\145\207\131\015\163\260\176\323\147\234\133\371\153\324}{chapter*.9}% 65
\BOOKMARK [1][-]{section.0.25}{\376\377\213\304\117\060\116\016\117\030\123\026\136\372\213\256}{chapter*.9}% 66
\BOOKMARK [2][-]{subsection.0.25.1}{\376\377\000S\000L\000I\000M\131\015\163\260\213\304\117\060\116\016\117\030\123\026}{section.0.25}% 67
\BOOKMARK [2][-]{subsection.0.25.2}{\376\377\000B\000A\000R\000O\131\015\163\260\213\304\117\060\116\016\117\030\123\026}{section.0.25}% 68
\BOOKMARK [0][-]{subsection.0.25.2}{\376\377\123\302\200\003\145\207\163\056}{}% 69
